> Task :gradle-plugin:settings-plugin:checkKotlinGradlePluginConfigurationErrors SKIPPED
> Task :gradle-plugin:shared:checkKotlinGradlePluginConfigurationErrors SKIPPED
> Task :gradle-plugin:settings-plugin:pluginDescriptors UP-TO-DATE
> Task :gradle-plugin:settings-plugin:processResources UP-TO-DATE
> Task :gradle-plugin:shared:compileKotlin UP-TO-DATE
> Task :gradle-plugin:shared:compileJava NO-SOURCE
> Task :gradle-plugin:shared:processResources NO-SOURCE
> Task :gradle-plugin:shared:classes UP-TO-DATE
> Task :gradle-plugin:shared:jar UP-TO-DATE
> Task :gradle-plugin:settings-plugin:compileKotlin UP-TO-DATE
> Task :gradle-plugin:settings-plugin:compileJava NO-SOURCE
> Task :gradle-plugin:settings-plugin:classes UP-TO-DATE
> Task :gradle-plugin:settings-plugin:jar UP-TO-DATE
> Task :gradle-plugin:react-native-gradle-plugin:checkKotlinGradlePluginConfigurationErrors SKIPPED
> Task :gradle-plugin:react-native-gradle-plugin:compileKotlin UP-TO-DATE
> Task :gradle-plugin:react-native-gradle-plugin:compileJava NO-SOURCE
> Task :gradle-plugin:react-native-gradle-plugin:pluginDescriptors UP-TO-DATE
> Task :gradle-plugin:react-native-gradle-plugin:processResources UP-TO-DATE
> Task :gradle-plugin:react-native-gradle-plugin:classes UP-TO-DATE
> Task :gradle-plugin:react-native-gradle-plugin:jar UP-TO-DATE

> Configure project :react-native-firebase_app
:react-native-firebase_app package.json found at C:\Users\EKEDP\Documents\GitHub\location-track-lister-mobile-app\node_modules\@react-native-firebase\app\package.json
:react-native-firebase_app:firebase.bom using default value: 33.14.0
:react-native-firebase_app:play.play-services-auth using default value: 21.3.0
:react-native-firebase_app package.json found at C:\Users\EKEDP\Documents\GitHub\location-track-lister-mobile-app\node_modules\@react-native-firebase\app\package.json
:react-native-firebase_app:version set from package.json: 22.2.1 (22,2,1 - 22002001)
:react-native-firebase_app:android.compileSdk using custom value: 35
:react-native-firebase_app:android.targetSdk using custom value: 35
:react-native-firebase_app:android.minSdk using custom value: 24
:react-native-firebase_app:reactNativeAndroidDir C:\Users\EKEDP\Documents\GitHub\location-track-lister-mobile-app\node_modules\react-native\android

> Configure project :react-native-firebase_messaging
:react-native-firebase_messaging package.json found at C:\Users\EKEDP\Documents\GitHub\location-track-lister-mobile-app\node_modules\@react-native-firebase\messaging\package.json
:react-native-firebase_app package.json found at C:\Users\EKEDP\Documents\GitHub\location-track-lister-mobile-app\node_modules\@react-native-firebase\app\package.json
:react-native-firebase_messaging:firebase.bom using default value: 33.14.0
:react-native-firebase_messaging package.json found at C:\Users\EKEDP\Documents\GitHub\location-track-lister-mobile-app\node_modules\@react-native-firebase\messaging\package.json
:react-native-firebase_messaging:version set from package.json: 22.2.1 (22,2,1 - 22002001)
:react-native-firebase_messaging:android.compileSdk using custom value: 35
:react-native-firebase_messaging:android.targetSdk using custom value: 35
:react-native-firebase_messaging:android.minSdk using custom value: 24
:react-native-firebase_messaging:reactNativeAndroidDir C:\Users\EKEDP\Documents\GitHub\location-track-lister-mobile-app\node_modules\react-native\android

> Configure project :react-native-maps
[32m[react-native-maps] Thank you for using react-native-maps â¤ï¸! 
[react-native-maps] to help keep it maintained, please consider sponsoring at https://github.com/sponsors/salah-ghanim[0m

[Incubating] Problems report is available at: file:///C:/Users/EKEDP/Documents/GitHub/location-track-lister-mobile-app/android/build/reports/problems/problems-report.html

FAILURE: Build failed with an exception.

* What went wrong:
A problem occurred configuring project ':react-native-permissions'.
> Could not resolve all artifacts for configuration 'classpath'.
   > Could not download netty-codec-http-4.1.72.Final.jar (io.netty:netty-codec-http:4.1.72.Final): No cached version available for offline mode

* Try:
> Run with --stacktrace option to get the stack trace.
> Run with --info or --debug option to get more log output.
> Run with --scan to get full insights.
> Get more help at https://help.gradle.org.

Deprecated Gradle features were used in this build, making it incompatible with Gradle 9.0.

You can use '--warning-mode all' to show the individual deprecation warnings and determine if they come from your own scripts or plugins.

For more on this, please refer to https://docs.gradle.org/8.13/userguide/command_line_interface.html#sec:command_line_warnings in the Gradle documentation.

BUILD FAILED in 10s
10 actionable tasks: 10 up-to-date
